mode: set
github.com/adam-hanna/jwt-auth/jwt/auth-utils.go:13.88,15.28 1 1
github.com/adam-hanna/jwt-auth/jwt/auth-utils.go:21.2,27.33 3 1
github.com/adam-hanna/jwt-auth/jwt/auth-utils.go:35.2,36.57 2 1
github.com/adam-hanna/jwt-auth/jwt/auth-utils.go:41.2,41.23 1 1
github.com/adam-hanna/jwt-auth/jwt/auth-utils.go:44.2,44.26 1 1
github.com/adam-hanna/jwt-auth/jwt/auth-utils.go:48.2,48.49 1 1
github.com/adam-hanna/jwt-auth/jwt/auth-utils.go:15.28,19.3 1 1
github.com/adam-hanna/jwt-auth/jwt/auth-utils.go:27.33,30.3 2 1
github.com/adam-hanna/jwt-auth/jwt/auth-utils.go:30.8,30.27 1 1
github.com/adam-hanna/jwt-auth/jwt/auth-utils.go:30.27,33.3 1 0
github.com/adam-hanna/jwt-auth/jwt/auth-utils.go:36.57,39.3 2 0
github.com/adam-hanna/jwt-auth/jwt/auth-utils.go:41.23,43.3 1 1
github.com/adam-hanna/jwt-auth/jwt/auth-utils.go:44.26,46.3 1 1
github.com/adam-hanna/jwt-auth/jwt/auth-utils.go:51.78,54.22 2 1
github.com/adam-hanna/jwt-auth/jwt/auth-utils.go:58.2,59.22 2 1
github.com/adam-hanna/jwt-auth/jwt/auth-utils.go:63.2,66.22 4 1
github.com/adam-hanna/jwt-auth/jwt/auth-utils.go:70.2,70.24 1 1
github.com/adam-hanna/jwt-auth/jwt/auth-utils.go:54.22,56.3 1 1
github.com/adam-hanna/jwt-auth/jwt/auth-utils.go:59.22,61.3 1 1
github.com/adam-hanna/jwt-auth/jwt/auth-utils.go:66.22,68.3 1 1
github.com/adam-hanna/jwt-auth/jwt/auth-utils.go:73.96,80.16 3 1
github.com/adam-hanna/jwt-auth/jwt/auth-utils.go:83.2,83.58 1 1
github.com/adam-hanna/jwt-auth/jwt/auth-utils.go:92.2,92.28 1 1
github.com/adam-hanna/jwt-auth/jwt/auth-utils.go:124.2,125.9 2 1
github.com/adam-hanna/jwt-auth/jwt/auth-utils.go:129.2,129.58 1 1
github.com/adam-hanna/jwt-auth/jwt/auth-utils.go:137.2,141.31 3 1
github.com/adam-hanna/jwt-auth/jwt/auth-utils.go:145.2,145.12 1 1
github.com/adam-hanna/jwt-auth/jwt/auth-utils.go:80.16,82.3 1 0
github.com/adam-hanna/jwt-auth/jwt/auth-utils.go:83.58,87.17 4 1
github.com/adam-hanna/jwt-auth/jwt/auth-utils.go:87.17,89.4 1 0
github.com/adam-hanna/jwt-auth/jwt/auth-utils.go:92.28,95.31 2 1
github.com/adam-hanna/jwt-auth/jwt/auth-utils.go:95.31,97.4 1 1
github.com/adam-hanna/jwt-auth/jwt/auth-utils.go:98.8,111.31 3 1
github.com/adam-hanna/jwt-auth/jwt/auth-utils.go:111.31,121.4 2 1
github.com/adam-hanna/jwt-auth/jwt/auth-utils.go:125.9,128.3 2 0
github.com/adam-hanna/jwt-auth/jwt/auth-utils.go:129.58,131.10 2 1
github.com/adam-hanna/jwt-auth/jwt/auth-utils.go:131.10,134.4 2 0
github.com/adam-hanna/jwt-auth/jwt/auth-utils.go:141.31,143.3 1 1
github.com/adam-hanna/jwt-auth/jwt/auth-utils.go:148.87,150.16 2 1
github.com/adam-hanna/jwt-auth/jwt/auth-utils.go:154.2,155.16 2 1
github.com/adam-hanna/jwt-auth/jwt/auth-utils.go:159.2,160.16 2 1
github.com/adam-hanna/jwt-auth/jwt/auth-utils.go:164.2,164.12 1 1
github.com/adam-hanna/jwt-auth/jwt/auth-utils.go:150.16,152.3 1 1
github.com/adam-hanna/jwt-auth/jwt/auth-utils.go:155.16,157.3 1 0
github.com/adam-hanna/jwt-auth/jwt/auth-utils.go:160.16,162.3 1 0
github.com/adam-hanna/jwt-auth/jwt/auth-utils.go:167.42,168.21 1 1
github.com/adam-hanna/jwt-auth/jwt/auth-utils.go:168.21,170.3 1 0
github.com/adam-hanna/jwt-auth/jwt/auth-utils.go:173.68,175.2 1 1
github.com/adam-hanna/jwt-auth/jwt/auth.go:66.48,68.2 1 1
github.com/adam-hanna/jwt-auth/jwt/auth.go:73.47,76.2 1 1
github.com/adam-hanna/jwt-auth/jwt/auth.go:81.66,84.2 2 1
github.com/adam-hanna/jwt-auth/jwt/auth.go:86.73,89.2 2 1
github.com/adam-hanna/jwt-auth/jwt/auth.go:92.39,95.34 1 1
github.com/adam-hanna/jwt-auth/jwt/auth.go:98.2,98.31 1 1
github.com/adam-hanna/jwt-auth/jwt/auth.go:102.2,102.20 1 1
github.com/adam-hanna/jwt-auth/jwt/auth.go:120.2,120.27 1 1
github.com/adam-hanna/jwt-auth/jwt/auth.go:125.2,126.16 2 1
github.com/adam-hanna/jwt-auth/jwt/auth.go:130.2,138.12 8 1
github.com/adam-hanna/jwt-auth/jwt/auth.go:95.34,97.3 1 1
github.com/adam-hanna/jwt-auth/jwt/auth.go:98.31,100.3 1 1
github.com/adam-hanna/jwt-auth/jwt/auth.go:102.20,103.28 1 1
github.com/adam-hanna/jwt-auth/jwt/auth.go:107.3,107.31 1 1
github.com/adam-hanna/jwt-auth/jwt/auth.go:103.28,105.4 1 1
github.com/adam-hanna/jwt-auth/jwt/auth.go:107.31,109.4 1 1
github.com/adam-hanna/jwt-auth/jwt/auth.go:110.8,111.28 1 1
github.com/adam-hanna/jwt-auth/jwt/auth.go:115.3,115.31 1 1
github.com/adam-hanna/jwt-auth/jwt/auth.go:111.28,113.4 1 1
github.com/adam-hanna/jwt-auth/jwt/auth.go:115.31,117.4 1 1
github.com/adam-hanna/jwt-auth/jwt/auth.go:120.27,122.3 1 1
github.com/adam-hanna/jwt-auth/jwt/auth.go:126.16,128.3 1 1
github.com/adam-hanna/jwt-auth/jwt/auth.go:141.100,142.110 1 1
github.com/adam-hanna/jwt-auth/jwt/auth.go:153.2,154.8 2 0
github.com/adam-hanna/jwt-auth/jwt/auth.go:142.110,145.3 1 1
github.com/adam-hanna/jwt-auth/jwt/auth.go:145.8,145.117 1 1
github.com/adam-hanna/jwt-auth/jwt/auth.go:145.117,148.3 1 1
github.com/adam-hanna/jwt-auth/jwt/auth.go:148.8,148.117 1 1
github.com/adam-hanna/jwt-auth/jwt/auth.go:148.117,151.3 1 1
github.com/adam-hanna/jwt-auth/jwt/auth.go:157.91,158.25 1 1
github.com/adam-hanna/jwt-auth/jwt/auth.go:162.2,162.25 1 1
github.com/adam-hanna/jwt-auth/jwt/auth.go:165.2,167.8 2 1
github.com/adam-hanna/jwt-auth/jwt/auth.go:158.25,161.3 2 1
github.com/adam-hanna/jwt-auth/jwt/auth.go:162.25,164.3 1 1
github.com/adam-hanna/jwt-auth/jwt/auth.go:170.90,175.55 3 1
github.com/adam-hanna/jwt-auth/jwt/auth.go:179.2,179.31 1 1
github.com/adam-hanna/jwt-auth/jwt/auth.go:185.2,185.25 1 1
github.com/adam-hanna/jwt-auth/jwt/auth.go:197.2,198.16 2 1
github.com/adam-hanna/jwt-auth/jwt/auth.go:202.2,203.16 2 1
github.com/adam-hanna/jwt-auth/jwt/auth.go:207.2,207.8 1 1
github.com/adam-hanna/jwt-auth/jwt/auth.go:175.55,178.3 2 1
github.com/adam-hanna/jwt-auth/jwt/auth.go:179.31,182.3 2 1
github.com/adam-hanna/jwt-auth/jwt/auth.go:185.25,187.17 2 1
github.com/adam-hanna/jwt-auth/jwt/auth.go:191.3,192.17 2 1
github.com/adam-hanna/jwt-auth/jwt/auth.go:187.17,189.4 1 0
github.com/adam-hanna/jwt-auth/jwt/auth.go:192.17,194.4 1 1
github.com/adam-hanna/jwt-auth/jwt/auth.go:198.16,200.3 1 0
github.com/adam-hanna/jwt-auth/jwt/auth.go:203.16,205.3 1 0
github.com/adam-hanna/jwt-auth/jwt/auth.go:210.89,215.55 3 1
github.com/adam-hanna/jwt-auth/jwt/auth.go:219.2,219.31 1 1
github.com/adam-hanna/jwt-auth/jwt/auth.go:225.2,225.25 1 1
github.com/adam-hanna/jwt-auth/jwt/auth.go:237.2,238.16 2 1
github.com/adam-hanna/jwt-auth/jwt/auth.go:242.2,243.16 2 1
github.com/adam-hanna/jwt-auth/jwt/auth.go:247.2,247.8 1 1
github.com/adam-hanna/jwt-auth/jwt/auth.go:215.55,218.3 2 1
github.com/adam-hanna/jwt-auth/jwt/auth.go:219.31,222.3 2 1
github.com/adam-hanna/jwt-auth/jwt/auth.go:225.25,227.17 2 1
github.com/adam-hanna/jwt-auth/jwt/auth.go:231.3,232.17 2 1
github.com/adam-hanna/jwt-auth/jwt/auth.go:227.17,229.4 1 0
github.com/adam-hanna/jwt-auth/jwt/auth.go:232.17,234.4 1 1
github.com/adam-hanna/jwt-auth/jwt/auth.go:238.16,240.3 1 0
github.com/adam-hanna/jwt-auth/jwt/auth.go:243.16,245.3 1 0
github.com/adam-hanna/jwt-auth/jwt/auth.go:251.54,253.2 1 1
github.com/adam-hanna/jwt-auth/jwt/auth.go:256.61,258.2 1 1
github.com/adam-hanna/jwt-auth/jwt/auth.go:261.61,263.2 1 1
github.com/adam-hanna/jwt-auth/jwt/auth.go:266.64,268.2 1 1
github.com/adam-hanna/jwt-auth/jwt/auth.go:271.53,272.71 1 1
github.com/adam-hanna/jwt-auth/jwt/auth.go:272.71,279.20 3 1
github.com/adam-hanna/jwt-auth/jwt/auth.go:291.3,291.20 1 1
github.com/adam-hanna/jwt-auth/jwt/auth.go:279.20,282.76 3 1
github.com/adam-hanna/jwt-auth/jwt/auth.go:287.4,288.10 2 0
github.com/adam-hanna/jwt-auth/jwt/auth.go:282.76,285.5 2 1
github.com/adam-hanna/jwt-auth/jwt/auth.go:296.62,297.15 1 1
github.com/adam-hanna/jwt-auth/jwt/auth.go:300.2,300.22 1 1
github.com/adam-hanna/jwt-auth/jwt/auth.go:297.15,299.3 1 0
github.com/adam-hanna/jwt-auth/jwt/auth.go:304.99,309.34 3 0
github.com/adam-hanna/jwt-auth/jwt/auth.go:309.34,311.3 1 0
github.com/adam-hanna/jwt-auth/jwt/auth.go:311.8,314.75 3 0
github.com/adam-hanna/jwt-auth/jwt/auth.go:314.75,316.4 1 0
github.com/adam-hanna/jwt-auth/jwt/auth.go:316.9,318.4 1 0
github.com/adam-hanna/jwt-auth/jwt/auth.go:323.74,325.27 1 1
github.com/adam-hanna/jwt-auth/jwt/auth.go:331.2,332.61 2 1
github.com/adam-hanna/jwt-auth/jwt/auth.go:337.2,337.57 1 1
github.com/adam-hanna/jwt-auth/jwt/auth.go:341.2,345.33 2 1
github.com/adam-hanna/jwt-auth/jwt/auth.go:351.2,351.12 1 1
github.com/adam-hanna/jwt-auth/jwt/auth.go:325.27,328.3 2 1
github.com/adam-hanna/jwt-auth/jwt/auth.go:332.61,334.3 1 1
github.com/adam-hanna/jwt-auth/jwt/auth.go:337.57,339.3 1 1
github.com/adam-hanna/jwt-auth/jwt/auth.go:345.33,346.65 1 1
github.com/adam-hanna/jwt-auth/jwt/auth.go:346.65,348.4 1 0
github.com/adam-hanna/jwt-auth/jwt/auth.go:355.80,356.32 1 1
github.com/adam-hanna/jwt-auth/jwt/auth.go:362.2,364.16 3 1
github.com/adam-hanna/jwt-auth/jwt/auth.go:368.2,369.16 2 1
github.com/adam-hanna/jwt-auth/jwt/auth.go:373.2,373.12 1 1
github.com/adam-hanna/jwt-auth/jwt/auth.go:356.32,360.3 2 1
github.com/adam-hanna/jwt-auth/jwt/auth.go:364.16,366.3 1 0
github.com/adam-hanna/jwt-auth/jwt/auth.go:369.16,371.3 1 0
github.com/adam-hanna/jwt-auth/jwt/auth.go:378.76,381.16 3 1
github.com/adam-hanna/jwt-auth/jwt/auth.go:386.2,386.28 1 1
github.com/adam-hanna/jwt-auth/jwt/auth.go:412.2,420.12 7 1
github.com/adam-hanna/jwt-auth/jwt/auth.go:381.16,384.3 2 1
github.com/adam-hanna/jwt-auth/jwt/auth.go:386.28,390.3 2 0
github.com/adam-hanna/jwt-auth/jwt/auth.go:390.8,410.3 4 1
github.com/adam-hanna/jwt-auth/jwt/auth.go:425.69,428.16 3 1
github.com/adam-hanna/jwt-auth/jwt/auth.go:433.2,433.53 1 1
github.com/adam-hanna/jwt-auth/jwt/auth.go:428.16,431.3 2 0
github.com/adam-hanna/jwt-auth/jwt/credentials.go:34.49,35.21 1 1
github.com/adam-hanna/jwt-auth/jwt/credentials.go:35.21,37.3 1 0
github.com/adam-hanna/jwt-auth/jwt/credentials.go:40.89,42.16 2 1
github.com/adam-hanna/jwt-auth/jwt/credentials.go:45.2,64.12 16 1
github.com/adam-hanna/jwt-auth/jwt/credentials.go:42.16,44.3 1 0
github.com/adam-hanna/jwt-auth/jwt/credentials.go:67.140,87.30 9 1
github.com/adam-hanna/jwt-auth/jwt/credentials.go:91.2,91.12 1 1
github.com/adam-hanna/jwt-auth/jwt/credentials.go:87.30,89.3 1 1
github.com/adam-hanna/jwt-auth/jwt/credentials.go:94.72,96.9 2 1
github.com/adam-hanna/jwt-auth/jwt/credentials.go:106.2,106.42 1 1
github.com/adam-hanna/jwt-auth/jwt/credentials.go:110.2,110.12 1 1
github.com/adam-hanna/jwt-auth/jwt/credentials.go:96.9,98.3 1 0
github.com/adam-hanna/jwt-auth/jwt/credentials.go:106.42,108.3 1 1
github.com/adam-hanna/jwt-auth/jwt/credentials.go:113.50,116.16 2 1
github.com/adam-hanna/jwt-auth/jwt/credentials.go:120.2,120.21 1 1
github.com/adam-hanna/jwt-auth/jwt/credentials.go:116.16,118.3 1 0
github.com/adam-hanna/jwt-auth/jwt/credentials.go:123.67,124.58 1 1
github.com/adam-hanna/jwt-auth/jwt/credentials.go:128.2,129.9 2 1
github.com/adam-hanna/jwt-auth/jwt/credentials.go:134.2,134.66 1 1
github.com/adam-hanna/jwt-auth/jwt/credentials.go:161.2,162.97 2 1
github.com/adam-hanna/jwt-auth/jwt/credentials.go:124.58,126.3 1 0
github.com/adam-hanna/jwt-auth/jwt/credentials.go:129.9,131.3 1 0
github.com/adam-hanna/jwt-auth/jwt/credentials.go:134.66,137.33 2 1
github.com/adam-hanna/jwt-auth/jwt/credentials.go:157.3,158.94 2 1
github.com/adam-hanna/jwt-auth/jwt/credentials.go:137.33,142.18 3 1
github.com/adam-hanna/jwt-auth/jwt/credentials.go:146.4,149.18 3 1
github.com/adam-hanna/jwt-auth/jwt/credentials.go:153.4,154.14 2 1
github.com/adam-hanna/jwt-auth/jwt/credentials.go:142.18,144.5 1 0
github.com/adam-hanna/jwt-auth/jwt/credentials.go:149.18,151.5 1 0
github.com/adam-hanna/jwt-auth/jwt/credentials.go:166.64,169.16 2 1
github.com/adam-hanna/jwt-auth/jwt/credentials.go:174.2,174.29 1 1
github.com/adam-hanna/jwt-auth/jwt/credentials.go:169.16,171.3 1 1
github.com/adam-hanna/jwt-auth/jwt/credentials.go:174.29,201.3 2 1
github.com/adam-hanna/jwt-auth/jwt/credentials.go:201.8,201.72 1 1
github.com/adam-hanna/jwt-auth/jwt/credentials.go:201.72,203.52 2 1
github.com/adam-hanna/jwt-auth/jwt/credentials.go:215.3,216.97 2 1
github.com/adam-hanna/jwt-auth/jwt/credentials.go:203.52,205.35 2 1
github.com/adam-hanna/jwt-auth/jwt/credentials.go:211.4,212.113 2 1
github.com/adam-hanna/jwt-auth/jwt/credentials.go:205.35,209.5 2 1
github.com/adam-hanna/jwt-auth/jwt/credentials.go:217.8,220.3 2 0
github.com/adam-hanna/jwt-auth/jwt/errors.go:8.58,12.47 2 1
github.com/adam-hanna/jwt-auth/jwt/errors.go:16.2,19.3 1 1
github.com/adam-hanna/jwt-auth/jwt/errors.go:12.47,14.3 1 1
github.com/adam-hanna/jwt-auth/jwt/errors.go:28.34,29.20 1 1
github.com/adam-hanna/jwt-auth/jwt/errors.go:32.2,32.24 1 0
github.com/adam-hanna/jwt-auth/jwt/errors.go:29.20,31.3 1 1
github.com/adam-hanna/jwt-auth/jwt/jwtToken.go:23.46,24.21 1 0
github.com/adam-hanna/jwt-auth/jwt/jwtToken.go:24.21,26.3 1 0
github.com/adam-hanna/jwt-auth/jwt/jwtToken.go:29.132,33.112 2 1
github.com/adam-hanna/jwt-auth/jwt/jwtToken.go:41.2,41.18 1 1
github.com/adam-hanna/jwt-auth/jwt/jwtToken.go:47.2,54.18 6 1
github.com/adam-hanna/jwt-auth/jwt/jwtToken.go:33.112,34.76 1 1
github.com/adam-hanna/jwt-auth/jwt/jwtToken.go:38.3,38.24 1 1
github.com/adam-hanna/jwt-auth/jwt/jwtToken.go:34.76,37.4 2 1
github.com/adam-hanna/jwt-auth/jwt/jwtToken.go:41.18,45.3 3 0
github.com/adam-hanna/jwt-auth/jwt/jwtToken.go:57.97,67.2 7 1
github.com/adam-hanna/jwt-auth/jwt/jwtToken.go:69.50,71.9 2 1
github.com/adam-hanna/jwt-auth/jwt/jwtToken.go:75.2,80.12 3 1
github.com/adam-hanna/jwt-auth/jwt/jwtToken.go:71.9,73.3 1 0
github.com/adam-hanna/jwt-auth/jwt/jwtToken.go:83.65,85.9 2 1
github.com/adam-hanna/jwt-auth/jwt/jwtToken.go:89.2,94.12 3 1
github.com/adam-hanna/jwt-auth/jwt/jwtToken.go:85.9,87.3 1 0
github.com/adam-hanna/jwt-auth/jwt/jwtToken.go:97.74,99.9 2 1
github.com/adam-hanna/jwt-auth/jwt/jwtToken.go:103.2,109.12 4 1
github.com/adam-hanna/jwt-auth/jwt/jwtToken.go:99.9,101.3 1 0
